[debug] [2023-10-15T13:15:48.614Z] ----------------------------------------------------------------------
[debug] [2023-10-15T13:15:48.616Z] Command:       C:\Program Files\nodejs\node.exe C:\Users\ChuPhong\AppData\Roaming\npm\node_modules\firebase-tools\lib\bin\firebase.js init
[debug] [2023-10-15T13:15:48.616Z] CLI Version:   12.7.0
[debug] [2023-10-15T13:15:48.616Z] Platform:      win32
[debug] [2023-10-15T13:15:48.616Z] Node Version:  v18.16.0
[debug] [2023-10-15T13:15:48.617Z] Time:          Sun Oct 15 2023 20:15:48 GMT+0700 (Giờ Đông Dương)
[debug] [2023-10-15T13:15:48.617Z] ----------------------------------------------------------------------
[debug] 
[debug] [2023-10-15T13:15:48.669Z] > command requires scopes: ["email","openid","https://www.googleapis.com/auth/cloudplatformprojects.readonly","https://www.googleapis.com/auth/firebase","https://www.googleapis.com/auth/cloud-platform"]
[debug] [2023-10-15T13:15:48.670Z] > authorizing via signed-in user (man.nguyen.cit@gmail.com)
[info] 
     ######## #### ########  ######## ########     ###     ######  ########
     ##        ##  ##     ## ##       ##     ##  ##   ##  ##       ##
     ######    ##  ########  ######   ########  #########  ######  ######
     ##        ##  ##    ##  ##       ##     ## ##     ##       ## ##
     ##       #### ##     ## ######## ########  ##     ##  ######  ########

You're about to initialize a Firebase project in this directory:

  D:\HocCode\ReactJS\projects\registerShopeeFood

Before we get started, keep in mind:

  * You are initializing within an existing Firebase project directory

[info] 
=== Project Setup
[info] 
[info] First, let's associate this project directory with a Firebase project.
[info] You can create multiple project aliases by running firebase use --add, 
[info] but for now we'll just set up a default project.
[info] 
[debug] [2023-10-15T13:15:55.460Z] Using project from CLI flag: dangkyshopeefood
[debug] [2023-10-15T13:15:55.461Z] >>> [apiv2][query] GET https://firebase.googleapis.com/v1beta1/projects/dangkyshopeefood [none]
[debug] [2023-10-15T13:15:55.840Z] <<< [apiv2][status] GET https://firebase.googleapis.com/v1beta1/projects/dangkyshopeefood 403
[debug] [2023-10-15T13:15:55.840Z] <<< [apiv2][body] GET https://firebase.googleapis.com/v1beta1/projects/dangkyshopeefood {"error":{"code":403,"message":"The caller does not have permission","status":"PERMISSION_DENIED"}}
[debug] [2023-10-15T13:15:55.841Z] HTTP Error: 403, The caller does not have permission
[debug] [2023-10-15T13:15:55.943Z] FirebaseError: HTTP Error: 403, The caller does not have permission
    at responseToError (C:\Users\ChuPhong\AppData\Roaming\npm\node_modules\firebase-tools\lib\responseToError.js:49:12)
    at RetryOperation._fn (C:\Users\ChuPhong\AppData\Roaming\npm\node_modules\firebase-tools\lib\apiv2.js:285:77)
    at process.processTicksAndRejections (node:internal/process/task_queues:95:5)
[error] 
[error] Error: Failed to get Firebase project dangkyshopeefood. Please make sure the project exists and your account has permission to access it.
